<?xml version="1.0" encoding="UTF-8"?>
<testng-results ignored="0" total="10" passed="10" failed="0" skipped="0">
  <reporter-output>
  </reporter-output>
  <suite started-at="2024-04-05T14:47:16 IST" name="Suite" finished-at="2024-04-05T14:50:01 IST" duration-ms="165160">
    <groups>
    </groups>
    <test started-at="2024-04-05T14:47:16 IST" name="Test" finished-at="2024-04-05T14:50:01 IST" duration-ms="165160">
      <class name="com.outreach.testcases.IntrestEvents">
        <test-method signature="print_interest()[pri:0, instance:com.outreach.testcases.IntrestEvents@1ebea008]" started-at="2024-04-05T14:48:35 IST" name="print_interest" finished-at="2024-04-05T14:48:46 IST" duration-ms="10829" status="PASS">
          <reporter-output>
          </reporter-output>
        </test-method> <!-- print_interest -->
      </class> <!-- com.outreach.testcases.IntrestEvents -->
      <class name="com.outreach.testcases.ClickOneCognizant">
        <test-method signature="verifyOneCogni()[pri:0, instance:com.outreach.testcases.ClickOneCognizant@70e38ce1]" started-at="2024-04-05T14:47:49 IST" name="verifyOneCogni" finished-at="2024-04-05T14:48:10 IST" duration-ms="20302" status="PASS">
          <reporter-output>
          </reporter-output>
        </test-method> <!-- verifyOneCogni -->
      </class> <!-- com.outreach.testcases.ClickOneCognizant -->
      <class name="com.outreach.testcases.NavigateToOutReach">
        <test-method signature="navigate_outreach(java.lang.String)[pri:0, instance:com.outreach.testcases.NavigateToOutReach@2ca923bb]" started-at="2024-04-05T14:48:10 IST" name="navigate_outreach" finished-at="2024-04-05T14:48:23 IST" duration-ms="12681" status="PASS">
          <params>
            <param index="0">
              <value>
                <![CDATA[chrome]]>
              </value>
            </param>
          </params>
          <reporter-output>
          </reporter-output>
        </test-method> <!-- navigate_outreach -->
      </class> <!-- com.outreach.testcases.NavigateToOutReach -->
      <class name="com.outreach.testcases.SearchFilterValidation">
        <test-method signature="validate()[pri:0, instance:com.outreach.testcases.SearchFilterValidation@72d6b3ba]" started-at="2024-04-05T14:48:46 IST" name="validate" finished-at="2024-04-05T14:49:15 IST" duration-ms="29105" status="PASS">
          <reporter-output>
          </reporter-output>
        </test-method> <!-- validate -->
      </class> <!-- com.outreach.testcases.SearchFilterValidation -->
      <class name="com.outreach.testcases.CaptureUserInfo">
        <test-method signature="getInfo()[pri:1, instance:com.outreach.testcases.CaptureUserInfo@4808bc9b]" started-at="2024-04-05T14:47:25 IST" name="getInfo" finished-at="2024-04-05T14:47:49 IST" duration-ms="24461" status="PASS">
          <reporter-output>
          </reporter-output>
        </test-method> <!-- getInfo -->
      </class> <!-- com.outreach.testcases.CaptureUserInfo -->
      <class name="com.outreach.testcases.SelectMyVolunteering">
        <test-method signature="click_vol()[pri:0, instance:com.outreach.testcases.SelectMyVolunteering@7de62196]" started-at="2024-04-05T14:49:38 IST" name="click_vol" finished-at="2024-04-05T14:49:39 IST" duration-ms="909" status="PASS">
          <reporter-output>
          </reporter-output>
        </test-method> <!-- click_vol -->
      </class> <!-- com.outreach.testcases.SelectMyVolunteering -->
      <class name="com.outreach.testcases.MenusAndSubmenus">
        <test-method signature="print_menu()[pri:1, instance:com.outreach.testcases.MenusAndSubmenus@13df2a8c]" started-at="2024-04-05T14:48:23 IST" name="print_menu" finished-at="2024-04-05T14:48:33 IST" duration-ms="10170" status="PASS">
          <reporter-output>
          </reporter-output>
        </test-method> <!-- print_menu -->
        <test-method signature="print_submenu()[pri:2, instance:com.outreach.testcases.MenusAndSubmenus@13df2a8c]" started-at="2024-04-05T14:48:33 IST" name="print_submenu" finished-at="2024-04-05T14:48:35 IST" duration-ms="1639" status="PASS">
          <reporter-output>
          </reporter-output>
        </test-method> <!-- print_submenu -->
      </class> <!-- com.outreach.testcases.MenusAndSubmenus -->
      <class name="com.outreach.testcases.BaseTest">
        <test-method is-config="true" signature="setup(java.lang.String)[pri:0, instance:com.outreach.testcases.BaseTest@7d61eb55]" started-at="2024-04-05T14:47:16 IST" name="setup" finished-at="2024-04-05T14:47:25 IST" duration-ms="8446" status="PASS">
          <params>
            <param index="0">
              <value>
                <![CDATA[chrome]]>
              </value>
            </param>
          </params>
          <reporter-output>
          </reporter-output>
        </test-method> <!-- setup -->
        <test-method is-config="true" signature="tearDown()[pri:0, instance:com.outreach.testcases.BaseTest@7d61eb55]" started-at="2024-04-05T14:49:50 IST" name="tearDown" finished-at="2024-04-05T14:50:01 IST" duration-ms="11159" status="PASS">
          <reporter-output>
          </reporter-output>
        </test-method> <!-- tearDown -->
      </class> <!-- com.outreach.testcases.BaseTest -->
      <class name="com.outreach.testcases.GetVolunteerCards">
        <test-method signature="fetch_cards()[pri:0, instance:com.outreach.testcases.GetVolunteerCards@163370c2]" started-at="2024-04-05T14:49:39 IST" name="fetch_cards" finished-at="2024-04-05T14:49:50 IST" duration-ms="10457" status="PASS">
          <reporter-output>
          </reporter-output>
        </test-method> <!-- fetch_cards -->
      </class> <!-- com.outreach.testcases.GetVolunteerCards -->
      <class name="com.outreach.testcases.RandomLocation">
        <test-method signature="validate()[pri:0, instance:com.outreach.testcases.RandomLocation@1787f2a0]" started-at="2024-04-05T14:49:15 IST" name="validate" finished-at="2024-04-05T14:49:38 IST" duration-ms="23196" status="PASS">
          <reporter-output>
          </reporter-output>
        </test-method> <!-- validate -->
      </class> <!-- com.outreach.testcases.RandomLocation -->
    </test> <!-- Test -->
  </suite> <!-- Suite -->
</testng-results>
