<?xml version="1.0" encoding="UTF-8"?>
<!-- Generated by org.testng.reporters.JUnitXMLReporter -->
<testsuite ignored="18" hostname="LTIN509672" failures="0" tests="10" name="Test" time="165.16" errors="0" timestamp="2024-04-05T14:50:02 IST">
  <testcase classname="com.outreach.testcases.CaptureUserInfo" name="getInfo" time="24.461"/>
  <testcase classname="com.outreach.testcases.ClickOneCognizant" name="verifyOneCogni" time="20.302"/>
  <testcase classname="com.outreach.testcases.NavigateToOutReach" name="navigate_outreach" time="12.681"/>
  <testcase classname="com.outreach.testcases.MenusAndSubmenus" name="print_menu" time="10.17"/>
  <testcase classname="com.outreach.testcases.MenusAndSubmenus" name="print_submenu" time="1.639"/>
  <testcase classname="com.outreach.testcases.IntrestEvents" name="print_interest" time="10.829"/>
  <testcase classname="com.outreach.testcases.SearchFilterValidation" name="validate" time="29.105"/>
  <testcase classname="com.outreach.testcases.RandomLocation" name="validate" time="23.196"/>
  <testcase classname="com.outreach.testcases.SelectMyVolunteering" name="click_vol" time="0.909"/>
  <testcase classname="com.outreach.testcases.GetVolunteerCards" name="fetch_cards" time="10.457"/>
  <testcase classname="com.outreach.testcases.BaseTest" name="@BeforeTest setup" time="0.0">
    <ignored/>
  </testcase> <!-- @BeforeTest setup -->
  <testcase classname="com.outreach.testcases.BaseTest" name="@AfterTest tearDown" time="0.0">
    <ignored/>
  </testcase> <!-- @AfterTest tearDown -->
  <testcase classname="com.outreach.testcases.BaseTest" name="@AfterTest tearDown" time="0.0">
    <ignored/>
  </testcase> <!-- @AfterTest tearDown -->
  <testcase classname="com.outreach.testcases.BaseTest" name="@BeforeTest setup" time="0.0">
    <ignored/>
  </testcase> <!-- @BeforeTest setup -->
  <testcase classname="com.outreach.testcases.BaseTest" name="@BeforeTest setup" time="0.0">
    <ignored/>
  </testcase> <!-- @BeforeTest setup -->
  <testcase classname="com.outreach.testcases.BaseTest" name="@AfterTest tearDown" time="0.0">
    <ignored/>
  </testcase> <!-- @AfterTest tearDown -->
  <testcase classname="com.outreach.testcases.BaseTest" name="@AfterTest tearDown" time="0.0">
    <ignored/>
  </testcase> <!-- @AfterTest tearDown -->
  <testcase classname="com.outreach.testcases.BaseTest" name="@BeforeTest setup" time="0.0">
    <ignored/>
  </testcase> <!-- @BeforeTest setup -->
  <testcase classname="com.outreach.testcases.BaseTest" name="@BeforeTest setup" time="0.0">
    <ignored/>
  </testcase> <!-- @BeforeTest setup -->
  <testcase classname="com.outreach.testcases.BaseTest" name="@BeforeTest setup" time="0.0">
    <ignored/>
  </testcase> <!-- @BeforeTest setup -->
  <testcase classname="com.outreach.testcases.BaseTest" name="@AfterTest tearDown" time="0.0">
    <ignored/>
  </testcase> <!-- @AfterTest tearDown -->
  <testcase classname="com.outreach.testcases.BaseTest" name="@AfterTest tearDown" time="0.0">
    <ignored/>
  </testcase> <!-- @AfterTest tearDown -->
  <testcase classname="com.outreach.testcases.BaseTest" name="@BeforeTest setup" time="0.0">
    <ignored/>
  </testcase> <!-- @BeforeTest setup -->
  <testcase classname="com.outreach.testcases.BaseTest" name="@AfterTest tearDown" time="0.0">
    <ignored/>
  </testcase> <!-- @AfterTest tearDown -->
  <testcase classname="com.outreach.testcases.BaseTest" name="@AfterTest tearDown" time="0.0">
    <ignored/>
  </testcase> <!-- @AfterTest tearDown -->
  <testcase classname="com.outreach.testcases.BaseTest" name="@BeforeTest setup" time="0.0">
    <ignored/>
  </testcase> <!-- @BeforeTest setup -->
  <testcase classname="com.outreach.testcases.BaseTest" name="@AfterTest tearDown" time="0.0">
    <ignored/>
  </testcase> <!-- @AfterTest tearDown -->
  <testcase classname="com.outreach.testcases.BaseTest" name="@BeforeTest setup" time="0.0">
    <ignored/>
  </testcase> <!-- @BeforeTest setup -->
</testsuite> <!-- Test -->
